<?xml version="1.0" encoding="UTF-8"?>
<!-- Generated by org.testng.reporters.JUnitXMLReporter -->
<testsuite ignored="0" hostname="LAPTOP-LA6NMLRJ" failures="0" tests="4" name="Test" time="0.034" errors="0" timestamp="2020-09-13T20:13:02 IST">
  <testcase classname="qaclickacademy.AppiumTest" name="appiumauto" time="0.004"/>
  <testcase classname="qaclickacademy.AppiumTest" name="mobile" time="0.0"/>
  <testcase classname="qaclickacademy.SeleniumTest" name="jirapost" time="0.0"/>
  <testcase classname="qaclickacademy.SeleniumTest" name="selauto" time="0.0"/>
</testsuite> <!-- Test -->
